  charles_Assignment5.cpp
F:\Code\School\MATC\ITDEV-185\ITDEV-185\charles_Assignment5\Reel.h(15,12): error C4430: missing type specifier - int assumed. Note: C++ does not support default-int
F:\Code\School\MATC\ITDEV-185\ITDEV-185\charles_Assignment5\Reel.h(15,12): warning C4183: 'Reel': missing return type; assumed to be a member function returning 'int'
F:\Code\School\MATC\ITDEV-185\ITDEV-185\charles_Assignment5\Reel.h(19,2): warning C4094: untagged 'class' declared no symbols
  Reel.cpp
F:\Code\School\MATC\ITDEV-185\ITDEV-185\charles_Assignment5\Reel.h(15,12): error C4430: missing type specifier - int assumed. Note: C++ does not support default-int
F:\Code\School\MATC\ITDEV-185\ITDEV-185\charles_Assignment5\Reel.h(15,12): warning C4183: 'Reel': missing return type; assumed to be a member function returning 'int'
F:\Code\School\MATC\ITDEV-185\ITDEV-185\charles_Assignment5\Reel.h(19,2): warning C4094: untagged 'class' declared no symbols
F:\Code\School\MATC\ITDEV-185\ITDEV-185\charles_Assignment5\Reel.cpp(10,1): error C2653: 'Reel': is not a class or namespace name
F:\Code\School\MATC\ITDEV-185\ITDEV-185\charles_Assignment5\Reel.cpp(10,21): error C4430: missing type specifier - int assumed. Note: C++ does not support default-int
F:\Code\School\MATC\ITDEV-185\ITDEV-185\charles_Assignment5\Reel.cpp(11,2): error C2065: 'position': undeclared identifier
F:\Code\School\MATC\ITDEV-185\ITDEV-185\charles_Assignment5\Reel.cpp(12,1): warning C4508: 'Reel': function should return a value; 'void' return type assumed
F:\Code\School\MATC\ITDEV-185\ITDEV-185\charles_Assignment5\Reel.cpp(15,6): error C2653: 'Reel': is not a class or namespace name
F:\Code\School\MATC\ITDEV-185\ITDEV-185\charles_Assignment5\Reel.cpp(20,2): error C2065: 'selectedFace': undeclared identifier
F:\Code\School\MATC\ITDEV-185\ITDEV-185\charles_Assignment5\Reel.cpp(20,17): error C2065: 'faces': undeclared identifier
F:\Code\School\MATC\ITDEV-185\ITDEV-185\charles_Assignment5\Reel.cpp(25,13): error C2653: 'Reel': is not a class or namespace name
F:\Code\School\MATC\ITDEV-185\ITDEV-185\charles_Assignment5\Reel.cpp(26,9): error C2065: 'selectedFace': undeclared identifier
F:\Code\School\MATC\ITDEV-185\ITDEV-185\charles_Assignment5\Reel.cpp(29,5): error C2653: 'Reel': is not a class or namespace name
F:\Code\School\MATC\ITDEV-185\ITDEV-185\charles_Assignment5\Reel.cpp(30,9): error C2065: 'position': undeclared identifier
  SlotMachine.cpp
F:\Code\School\MATC\ITDEV-185\ITDEV-185\charles_Assignment5\Reel.h(15,12): error C4430: missing type specifier - int assumed. Note: C++ does not support default-int
F:\Code\School\MATC\ITDEV-185\ITDEV-185\charles_Assignment5\Reel.h(15,12): warning C4183: 'Reel': missing return type; assumed to be a member function returning 'int'
F:\Code\School\MATC\ITDEV-185\ITDEV-185\charles_Assignment5\Reel.h(19,2): warning C4094: untagged 'class' declared no symbols
F:\Code\School\MATC\ITDEV-185\ITDEV-185\charles_Assignment5\SlotMachine.h(9,8): error C3646: 'reels': unknown override specifier
F:\Code\School\MATC\ITDEV-185\ITDEV-185\charles_Assignment5\SlotMachine.h(9,13): error C2143: syntax error: missing ',' before '['
F:\Code\School\MATC\ITDEV-185\ITDEV-185\charles_Assignment5\SlotMachine.h(9,16): error C2238: unexpected token(s) preceding ';'
F:\Code\School\MATC\ITDEV-185\ITDEV-185\charles_Assignment5\SlotMachine.cpp(7,2): error C2065: 'Reel': undeclared identifier
F:\Code\School\MATC\ITDEV-185\ITDEV-185\charles_Assignment5\SlotMachine.cpp(7,7): error C2146: syntax error: missing ';' before identifier 'r1'
F:\Code\School\MATC\ITDEV-185\ITDEV-185\charles_Assignment5\SlotMachine.cpp(7,7): error C3861: 'r1': identifier not found
F:\Code\School\MATC\ITDEV-185\ITDEV-185\charles_Assignment5\SlotMachine.cpp(7,14): error C3861: 'r2': identifier not found
F:\Code\School\MATC\ITDEV-185\ITDEV-185\charles_Assignment5\SlotMachine.cpp(7,21): error C3861: 'r3': identifier not found
  Generating Code...
